#
# There is insufficient memory for the Java Runtime Environment to continue.
# Native memory allocation (mmap) failed to map 268435456 bytes for G1 virtual space
# Possible reasons:
#   The system is out of physical RAM or swap space
#   The process is running with CompressedOops enabled, and the Java Heap may be blocking the growth of the native heap
# Possible solutions:
#   Reduce memory load on the system
#   Increase physical memory or swap space
#   Check if swap backing store is full
#   Decrease Java heap size (-Xmx/-Xms)
#   Decrease number of Java threads
#   Decrease Java thread stack sizes (-Xss)
#   Set larger code cache with -XX:ReservedCodeCacheSize=
#   JVM is running with Zero Based Compressed Oops mode in which the Java heap is
#     placed in the first 32GB address space. The Java Heap base address is the
#     maximum limit for the native heap growth. Please use -XX:HeapBaseMinAddress
#     to set the Java Heap base and to place the Java Heap above 32GB virtual address.
# This output file may be truncated or incomplete.
#
#  Out of Memory Error (os_windows.cpp:3532), pid=21728, tid=30932
#
# JRE version:  (17.0.2+8) (build )
# Java VM: OpenJDK 64-Bit Server VM (17.0.2+8-86, mixed mode, sharing, tiered, compressed oops, compressed class ptrs, g1 gc, windows-amd64)
# No core dump will be written. Minidumps are not enabled by default on client versions of Windows
#

---------------  S U M M A R Y ------------

Command Line: -ea -Didea.test.cyclic.buffer.size=1048576 -javaagent:C:\Users\utente\AppData\Local\JetBrains\Toolbox\apps\IDEA-U\ch-0\213.6777.52\lib\idea_rt.jar=8522:C:\Users\utente\AppData\Local\JetBrains\Toolbox\apps\IDEA-U\ch-0\213.6777.52\bin -Dfile.encoding=UTF-8 com.intellij.rt.junit.JUnitStarter -ideVersion5 -junit5 test.Controller.ExpenseControllerTest

Host: Intel(R) Core(TM) i7-7700HQ CPU @ 2.80GHz, 8 cores, 15G,  Windows 10 , 64 bit Build 19041 (10.0.19041.2546)
Time: Wed Mar 29 23:02:48 2023 ora legale Europa occidentale elapsed time: 0.024129 seconds (0d 0h 0m 0s)

---------------  T H R E A D  ---------------

Current thread (0x000001f788885c00):  JavaThread "Unknown thread" [_thread_in_vm, id=30932, stack(0x0000009ec1a00000,0x0000009ec1b00000)]

Stack: [0x0000009ec1a00000,0x0000009ec1b00000]
Native frames: (J=compiled Java code, j=interpreted, Vv=VM code, C=native code)
V  [jvm.dll+0x670baa]
V  [jvm.dll+0x7cfcb4]
V  [jvm.dll+0x7d145e]
V  [jvm.dll+0x7d1ac3]
V  [jvm.dll+0x242bc5]
V  [jvm.dll+0x66dac9]
V  [jvm.dll+0x662412]
V  [jvm.dll+0x300c0b]
V  [jvm.dll+0x3081a6]
V  [jvm.dll+0x357d0e]
V  [jvm.dll+0x357f3f]
V  [jvm.dll+0x2d7ec8]
V  [jvm.dll+0x2d8e34]
V  [jvm.dll+0x7a18c1]
V  [jvm.dll+0x365a91]
V  [jvm.dll+0x780d2c]
V  [jvm.dll+0x3e845f]
V  [jvm.dll+0x3e9f01]
C  [jli.dll+0x527b]
C  [ucrtbase.dll+0x21bb2]
C  [KERNEL32.DLL+0x17614]
C  [ntdll.dll+0x526a1]


---------------  P R O C E S S  ---------------

Threads class SMR info:
_java_thread_list=0x00007ffedc0f9858, length=0, elements={
}

Java Threads: ( => current thread )

Other Threads:
  0x000001f7888d3350 GCTaskThread "GC Thread#0" [stack: 0x0000009ec1b00000,0x0000009ec1c00000] [id=32136]
  0x000001f7888e50b0 ConcurrentGCThread "G1 Main Marker" [stack: 0x0000009ec1c00000,0x0000009ec1d00000] [id=32004]
  0x000001f7888e5ac0 ConcurrentGCThread "G1 Conc#0" [stack: 0x0000009ec1d00000,0x0000009ec1e00000] [id=28632]

[error occurred during error reporting (printing all threads), id 0xc0000005, EXCEPTION_ACCESS_VIOLATION (0xc0000005) at pc=0x00007ffedb9488a7]

VM state: not at safepoint (not fully initialized)

VM Mutex/Monitor currently owned by a thread:  ([mutex/lock_event])
[0x000001f78887fd30] Heap_lock - owner thread: 0x000001f788885c00

Heap address: 0x0000000701e00000, size: 4066 MB, Compressed Oops mode: Zero based, Oop shift amount: 3

CDS archive(s) mapped at: [0x0000000000000000-0x0000000000000000-0x0000000000000000), size 0, SharedBaseAddress: 0x0000000800000000, ArchiveRelocationMode: 0.
Narrow klass base: 0x0000000000000000, Narrow klass shift: 0, Narrow klass range: 0x0

GC Precious Log:
<Empty>

Heap:
 garbage-first heap   total 0K, used 0K [0x0000000701e00000, 0x0000000800000000)
  region size 2048K, 0 young (0K), 0 survivors (0K)

[error occurred during error reporting (printing heap information), id 0xc0000005, EXCEPTION_ACCESS_VIOLATION (0xc0000005) at pc=0x00007ffedbd29f19]

GC Heap History (0 events):
No events

Deoptimization events (0 events):
No events

Classes unloaded (0 events):
No events

Classes redefined (0 events):
No events

Internal exceptions (0 events):
No events

VM Operations (0 events):
No events

Events (1 events):
Event: 0.016 Loaded shared library C:\Users\utente\.jdks\openjdk-17.0.2\bin\java.dll


Dynamic libraries:
0x00007ff6cc6c0000 - 0x00007ff6cc6ce000 	C:\Users\utente\.jdks\openjdk-17.0.2\bin\java.exe
0x00007fff29c10000 - 0x00007fff29e08000 	C:\WINDOWS\SYSTEM32\ntdll.dll
0x00007fff29a20000 - 0x00007fff29adf000 	C:\WINDOWS\System32\KERNEL32.DLL
0x00007fff27980000 - 0x00007fff27c52000 	C:\WINDOWS\System32\KERNELBASE.dll
0x00007fff27600000 - 0x00007fff27700000 	C:\WINDOWS\System32\ucrtbase.dll
0x00007fff22bb0000 - 0x00007fff22bc8000 	C:\Users\utente\.jdks\openjdk-17.0.2\bin\jli.dll
0x00007fff22c50000 - 0x00007fff22c6a000 	C:\Users\utente\.jdks\openjdk-17.0.2\bin\VCRUNTIME140.dll
0x00007fff28d00000 - 0x00007fff28ea1000 	C:\WINDOWS\System32\USER32.dll
0x00007fff27470000 - 0x00007fff27492000 	C:\WINDOWS\System32\win32u.dll
0x00007fff12c70000 - 0x00007fff12f0a000 	C:\WINDOWS\WinSxS\amd64_microsoft.windows.common-controls_6595b64144ccf1df_6.0.19041.1110_none_60b5254171f9507e\COMCTL32.dll
0x00007fff29990000 - 0x00007fff299bb000 	C:\WINDOWS\System32\GDI32.dll
0x00007fff29390000 - 0x00007fff2942e000 	C:\WINDOWS\System32\msvcrt.dll
0x00007fff27360000 - 0x00007fff2746f000 	C:\WINDOWS\System32\gdi32full.dll
0x00007fff27830000 - 0x00007fff278cd000 	C:\WINDOWS\System32\msvcp_win.dll
0x00007fff28cd0000 - 0x00007fff28d00000 	C:\WINDOWS\System32\IMM32.DLL
0x00007fff22c40000 - 0x00007fff22c4c000 	C:\Users\utente\.jdks\openjdk-17.0.2\bin\vcruntime140_1.dll
0x00007fff08480000 - 0x00007fff0850d000 	C:\Users\utente\.jdks\openjdk-17.0.2\bin\msvcp140.dll
0x00007ffedb660000 - 0x00007ffedc221000 	C:\Users\utente\.jdks\openjdk-17.0.2\bin\server\jvm.dll
0x00007fff28c00000 - 0x00007fff28cae000 	C:\WINDOWS\System32\ADVAPI32.dll
0x00007fff27e20000 - 0x00007fff27ebc000 	C:\WINDOWS\System32\sechost.dll
0x00007fff27cf0000 - 0x00007fff27e14000 	C:\WINDOWS\System32\RPCRT4.dll
0x00007fff29920000 - 0x00007fff29928000 	C:\WINDOWS\System32\PSAPI.DLL
0x00007fff1e840000 - 0x00007fff1e849000 	C:\WINDOWS\SYSTEM32\WSOCK32.dll
0x00007fff21130000 - 0x00007fff21157000 	C:\WINDOWS\SYSTEM32\WINMM.dll
0x00007fff29320000 - 0x00007fff2938b000 	C:\WINDOWS\System32\WS2_32.dll
0x00007fff21820000 - 0x00007fff2182a000 	C:\WINDOWS\SYSTEM32\VERSION.dll
0x00007fff25b60000 - 0x00007fff25b72000 	C:\WINDOWS\SYSTEM32\kernel.appcore.dll
0x00007fff22ba0000 - 0x00007fff22baa000 	C:\Users\utente\.jdks\openjdk-17.0.2\bin\jimage.dll
0x00007fff24f20000 - 0x00007fff25104000 	C:\WINDOWS\SYSTEM32\DBGHELP.DLL
0x00007fff0c760000 - 0x00007fff0c795000 	C:\WINDOWS\SYSTEM32\dbgcore.DLL
0x00007fff27700000 - 0x00007fff27782000 	C:\WINDOWS\System32\bcryptPrimitives.dll
0x00007fff21ec0000 - 0x00007fff21ece000 	C:\Users\utente\.jdks\openjdk-17.0.2\bin\instrument.dll
0x00007fff1f230000 - 0x00007fff1f255000 	C:\Users\utente\.jdks\openjdk-17.0.2\bin\java.dll

dbghelp: loaded successfully - version: 4.0.5 - missing functions: none
symbol engine: initialized successfully - sym options: 0x614 - pdb path: .;C:\Users\utente\.jdks\openjdk-17.0.2\bin;C:\WINDOWS\SYSTEM32;C:\WINDOWS\WinSxS\amd64_microsoft.windows.common-controls_6595b64144ccf1df_6.0.19041.1110_none_60b5254171f9507e;C:\Users\utente\.jdks\openjdk-17.0.2\bin\server

VM Arguments:
jvm_args: -ea -Didea.test.cyclic.buffer.size=1048576 -javaagent:C:\Users\utente\AppData\Local\JetBrains\Toolbox\apps\IDEA-U\ch-0\213.6777.52\lib\idea_rt.jar=8522:C:\Users\utente\AppData\Local\JetBrains\Toolbox\apps\IDEA-U\ch-0\213.6777.52\bin -Dfile.encoding=UTF-8 
java_command: com.intellij.rt.junit.JUnitStarter -ideVersion5 -junit5 test.Controller.ExpenseControllerTest
java_class_path (initial): C:\Users\utente\.m2\repository\org\junit\platform\junit-platform-launcher\1.8.1\junit-platform-launcher-1.8.1.jar;C:\Users\utente\AppData\Local\JetBrains\Toolbox\apps\IDEA-U\ch-0\213.6777.52\lib\idea_rt.jar;C:\Users\utente\AppData\Local\JetBrains\Toolbox\apps\IDEA-U\ch-0\213.6777.52\plugins\junit\lib\junit5-rt.jar;C:\Users\utente\AppData\Local\JetBrains\Toolbox\apps\IDEA-U\ch-0\213.6777.52\plugins\junit\lib\junit-rt.jar;E:\ingegneria_software_progetto_finale\ProgettoSoftware2023\out\production\ProgettoSoftware2023;E:\javaFX\javafx-sdk-19.0.2.1\lib\javafx-swt.jar;E:\javaFX\javafx-sdk-19.0.2.1\lib\javafx.web.jar;E:\javaFX\javafx-sdk-19.0.2.1\lib\javafx.base.jar;E:\javaFX\javafx-sdk-19.0.2.1\lib\javafx.fxml.jar;E:\javaFX\javafx-sdk-19.0.2.1\lib\javafx.media.jar;E:\javaFX\javafx-sdk-19.0.2.1\lib\javafx.swing.jar;E:\javaFX\javafx-sdk-19.0.2.1\lib\javafx.controls.jar;E:\javaFX\javafx-sdk-19.0.2.1\lib\javafx.graphics.jar;C:\Users\utente\.m2\repository\org\junit\jupiter\junit-jupiter\5.8.1\junit-jupiter-5.8.1.jar;C:\Users\utente\.m2\repository\org\junit\jupiter\junit-jupiter-api\5.8.1\junit-jupiter-api-5.8.1.jar;C:\Users\utente\.m2\repository\org\opentest4j\opentest4j\1.2.0\opentest4j-1.2.0.jar;C:\Users\utente\.m2\repository\org\junit\platform\junit-platform-commons\1.8.1\junit-platform-commons-1.8.1.jar;C:\Users\utente\.m2\repository\org\apiguardian\apiguardian-api\1.1.2\apiguardian-api-1.1.2.jar;C:\Users\utente\.m2\repository\org\junit\jupiter\junit-jupiter-params\5.8.1\junit-jupiter-params-5.8.1.jar;C:\Users\utente\.m2\repository\org\junit\jupiter\junit-jupiter-engine\5.8.1\junit-jupiter-engine-5.8.1.jar;C:\Users\utente\.m2\repository\org\junit\platform\junit-platform-engine\1.8.1\junit-platform-engine-1.8.1.jar;C:\Program Files (x86)\MySQL\Connector J 8.0\mysql-connector-j-8.0.32.jar
Launcher Type: SUN_STANDARD

[Global flags]
     intx CICompilerCount                          = 4                                         {product} {ergonomic}
     uint ConcGCThreads                            = 2                                         {product} {ergonomic}
     uint G1ConcRefinementThreads                  = 8                                         {product} {ergonomic}
   size_t G1HeapRegionSize                         = 2097152                                   {product} {ergonomic}
    uintx GCDrainStackTargetSize                   = 64                                        {product} {ergonomic}
   size_t InitialHeapSize                          = 268435456                                 {product} {ergonomic}
   size_t MarkStackSize                            = 4194304                                   {product} {ergonomic}
   size_t MaxHeapSize                              = 4263510016                                {product} {ergonomic}
   size_t MinHeapDeltaBytes                        = 2097152                                   {product} {ergonomic}
   size_t MinHeapSize                              = 8388608                                   {product} {ergonomic}
    uintx NonNMethodCodeHeapSize                   = 5839372                                {pd product} {ergonomic}
    uintx NonProfiledCodeHeapSize                  = 122909434                              {pd product} {ergonomic}
    uintx ProfiledCodeHeapSize                     = 122909434                              {pd product} {ergonomic}
    uintx ReservedCodeCacheSize                    = 251658240                              {pd product} {ergonomic}
     bool SegmentedCodeCache                       = true                                      {product} {ergonomic}
   size_t SoftMaxHeapSize                          = 4263510016                             {manageable} {ergonomic}
     bool UseCompressedClassPointers               = true                           {product lp64_product} {ergonomic}
     bool UseCompressedOops                        = true                           {product lp64_product} {ergonomic}
     bool UseG1GC                                  = true                                      {product} {ergonomic}
     bool UseLargePagesIndividualAllocation        = false                                  {pd product} {ergonomic}

Logging:
Log output configuration:
 #0: stdout all=warning uptime,level,tags
 #1: stderr all=off uptime,level,tags

Environment Variables:
JAVA_HOME=C:\Program Files\Java\jdk-18.0.2.1
PATH=C:\Program Files\Common Files\Oracle\Java\javapath;C:\Program Files\Eclipse Foundation\jdk-11.0.12.7-hotspot\bin;C:\Program Files (x86)\VMware\VMware Workstation\bin\;C:\Program Files (x86)\Common Files\Oracle\Java\javapath;C:\Windows\system32;C:\Windows;C:\Windows\System32\Wbem;C:\Windows\System32\WindowsPowerShell\v1.0\;C:\Windows\System32\OpenSSH\;C:\Program Files\dotnet\;C:\MinGW\bin;C:\Program Files\LLVM\bin;C:\Program Files (x86)\NVIDIA Corporation\PhysX\Common;C:\Program Files\NVIDIA Corporation\NVIDIA NvDLISR;C:\Program Files (x86)\Calibre2\;C:\Program Files (x86)\Wolfram Research\WolframScript\;C:\WINDOWS\system32;C:\WINDOWS;C:\WINDOWS\System32\Wbem;C:\WINDOWS\System32\WindowsPowerShell\v1.0\;C:\WINDOWS\System32\OpenSSH\;E:\MAVEN\apache-maven-3.8.5\bin;E:\AOMEI\AOMEI Backupper\6.9.1;C:\Program Files\MySQL\MySQL Server 8.0\bin;"C:\Program Files\Java\jdk-18.0.2.1\bin;C:\Program Files\Java\jdk-18.0.2.1\jre\bin";"C:\Program Files\Java\jdk-18.0.2.1\bin;E:\javaFX\javafx-sdk-19.0.2.1\bin";C:\Program Files\MySQL\MySQL Shell 8.0\bin\;C:\Users\utente\AppData\Local\Programs\Python\Python310\Scripts\;C:\Users\utente\AppData\Local\Programs\Python\Python310\;C:\Users\utente\Anaconda3;C:\Users\utente\Anaconda3\Library\mingw-w64\bin;C:\Users\utente\Anaconda3\Library\usr\bin;C:\Users\utente\Anaconda3\Library\bin;C:\Users\utente\Anaconda3\Scripts;C:\Users\utente\Desktop\CODE\wget;C:\Users\utente\AppData\Local\Microsoft\WindowsApps;C:\Users\utente\AppData\Local\Programs\Microsoft VS Code\bin;C:\MinGW\bin;E:\Intellij\IntelliJ IDEA 2021.2.2\bin;;C:\adb;C:\Users\utente\AppData\Local\JetBrains\Toolbox\scripts;C:\Users\utente\AppData\Local\Microsoft\WindowsApps;C:\Users\utente\.dotnet\tools
USERNAME=utente
OS=Windows_NT
PROCESSOR_IDENTIFIER=Intel64 Family 6 Model 158 Stepping 9, GenuineIntel



---------------  S Y S T E M  ---------------

OS:
 Windows 10 , 64 bit Build 19041 (10.0.19041.2546)
OS uptime: 7 days 0:29 hours

CPU: total 8 (initial active 8) (4 cores per cpu, 2 threads per core) family 6 model 158 stepping 9 microcode 0xb4, cx8, cmov, fxsr, ht, mmx, 3dnowpref, sse, sse2, sse3, ssse3, sse4.1, sse4.2, popcnt, lzcnt, tsc, tscinvbit, avx, avx2, aes, erms, clmul, bmi1, bmi2, adx, fma, vzeroupper, clflush, clflushopt

Memory: 4k page, system-wide physical 16259M (463M free)
TotalPageFile size 65411M (AvailPageFile size 23M)
current process WorkingSet (physical memory assigned to process): 10M, peak: 10M
current process commit charge ("private bytes"): 60M, peak: 316M

vm_info: OpenJDK 64-Bit Server VM (17.0.2+8-86) for windows-amd64 JRE (17.0.2+8-86), built on Dec  7 2021 21:49:10 by "mach5one" with MS VC++ 16.8 / 16.9 (VS2019)

END.
